<?xml version="1.0" encoding="UTF-8"?>
  <testsuites tests="7" disabled="0" errors="0" failures="0" time="0.006405409">
      <testsuite name="e2e Suite" package="/home/anisur/go/src/github.com/anisurrahman75/ginkgo/tests/e2e" tests="7" disabled="0" skipped="0" errors="0" failures="0" time="0.006405409" timestamp="2024-03-01T17:31:54">
          <properties>
              <property name="SuiteSucceeded" value="true"></property>
              <property name="SuiteHasProgrammaticFocus" value="true"></property>
              <property name="SpecialSuiteFailureReason" value=""></property>
              <property name="SuiteLabels" value="[test]"></property>
              <property name="RandomSeed" value="1709292714"></property>
              <property name="RandomizeAllSpecs" value="false"></property>
              <property name="LabelFilter" value=""></property>
              <property name="FocusStrings" value=""></property>
              <property name="SkipStrings" value=""></property>
              <property name="FocusFiles" value=""></property>
              <property name="SkipFiles" value=""></property>
              <property name="FailOnPending" value="false"></property>
              <property name="FailFast" value="false"></property>
              <property name="FlakeAttempts" value="0"></property>
              <property name="DryRun" value="false"></property>
              <property name="ParallelTotal" value="1"></property>
              <property name="OutputInterceptorMode" value=""></property>
          </properties>
          <testcase name="[It] Books Extracting the author&#39;s first and last name When the author has both names can extract the author&#39;s last name" classname="e2e Suite" status="passed" time="0.000224455">
              <system-err>&gt; Enter [BeforeEach] Books - /home/anisur/go/src/github.com/anisurrahman75/ginkgo/tests/example/hierarchical.go:12 @ 03/01/24 17:31:54.54&#xA;&lt; Exit [BeforeEach] Books - /home/anisur/go/src/github.com/anisurrahman75/ginkgo/tests/example/hierarchical.go:12 @ 03/01/24 17:31:54.54 (0s)&#xA;&gt; Enter [It] can extract the author&#39;s last name - /home/anisur/go/src/github.com/anisurrahman75/ginkgo/tests/example/hierarchical.go:23 @ 03/01/24 17:31:54.54&#xA;&lt; Exit [It] can extract the author&#39;s last name - /home/anisur/go/src/github.com/anisurrahman75/ginkgo/tests/example/hierarchical.go:23 @ 03/01/24 17:31:54.54 (0s)&#xA;</system-err>
          </testcase>
          <testcase name="[It] Books Extracting the author&#39;s first and last name When the author has both names can extract the author&#39;s first name" classname="e2e Suite" status="passed" time="9.8396e-05">
              <system-err>&gt; Enter [BeforeEach] Books - /home/anisur/go/src/github.com/anisurrahman75/ginkgo/tests/example/hierarchical.go:12 @ 03/01/24 17:31:54.541&#xA;&lt; Exit [BeforeEach] Books - /home/anisur/go/src/github.com/anisurrahman75/ginkgo/tests/example/hierarchical.go:12 @ 03/01/24 17:31:54.541 (0s)&#xA;&gt; Enter [It] can extract the author&#39;s first name - /home/anisur/go/src/github.com/anisurrahman75/ginkgo/tests/example/hierarchical.go:27 @ 03/01/24 17:31:54.541&#xA;&lt; Exit [It] can extract the author&#39;s first name - /home/anisur/go/src/github.com/anisurrahman75/ginkgo/tests/example/hierarchical.go:27 @ 03/01/24 17:31:54.541 (0s)&#xA;</system-err>
          </testcase>
          <testcase name="[It] Books Extracting the author&#39;s first and last name When the author only has one name interprets the single author name as a last name" classname="e2e Suite" status="passed" time="0.000207132">
              <system-err>&gt; Enter [BeforeEach] Books - /home/anisur/go/src/github.com/anisurrahman75/ginkgo/tests/example/hierarchical.go:12 @ 03/01/24 17:31:54.541&#xA;&lt; Exit [BeforeEach] Books - /home/anisur/go/src/github.com/anisurrahman75/ginkgo/tests/example/hierarchical.go:12 @ 03/01/24 17:31:54.541 (0s)&#xA;&gt; Enter [BeforeEach] When the author only has one name - /home/anisur/go/src/github.com/anisurrahman75/ginkgo/tests/example/hierarchical.go:33 @ 03/01/24 17:31:54.541&#xA;&lt; Exit [BeforeEach] When the author only has one name - /home/anisur/go/src/github.com/anisurrahman75/ginkgo/tests/example/hierarchical.go:33 @ 03/01/24 17:31:54.541 (0s)&#xA;&gt; Enter [It] interprets the single author name as a last name - /home/anisur/go/src/github.com/anisurrahman75/ginkgo/tests/example/hierarchical.go:37 @ 03/01/24 17:31:54.541&#xA;&lt; Exit [It] interprets the single author name as a last name - /home/anisur/go/src/github.com/anisurrahman75/ginkgo/tests/example/hierarchical.go:37 @ 03/01/24 17:31:54.541 (0s)&#xA;</system-err>
          </testcase>
          <testcase name="[It] Books Extracting the author&#39;s first and last name When the author only has one name returns empty for the first name" classname="e2e Suite" status="passed" time="0.000156075">
              <system-err>&gt; Enter [BeforeEach] Books - /home/anisur/go/src/github.com/anisurrahman75/ginkgo/tests/example/hierarchical.go:12 @ 03/01/24 17:31:54.542&#xA;&lt; Exit [BeforeEach] Books - /home/anisur/go/src/github.com/anisurrahman75/ginkgo/tests/example/hierarchical.go:12 @ 03/01/24 17:31:54.542 (0s)&#xA;&gt; Enter [BeforeEach] When the author only has one name - /home/anisur/go/src/github.com/anisurrahman75/ginkgo/tests/example/hierarchical.go:33 @ 03/01/24 17:31:54.542&#xA;&lt; Exit [BeforeEach] When the author only has one name - /home/anisur/go/src/github.com/anisurrahman75/ginkgo/tests/example/hierarchical.go:33 @ 03/01/24 17:31:54.542 (0s)&#xA;&gt; Enter [It] returns empty for the first name - /home/anisur/go/src/github.com/anisurrahman75/ginkgo/tests/example/hierarchical.go:41 @ 03/01/24 17:31:54.542&#xA;&lt; Exit [It] returns empty for the first name - /home/anisur/go/src/github.com/anisurrahman75/ginkgo/tests/example/hierarchical.go:41 @ 03/01/24 17:31:54.542 (0s)&#xA;</system-err>
          </testcase>
          <testcase name="[It] Books Extracting the author&#39;s first and last name When the author has a middle name can extract the author&#39;s last name" classname="e2e Suite" status="passed" time="9.4219e-05">
              <system-err>&gt; Enter [BeforeEach] Books - /home/anisur/go/src/github.com/anisurrahman75/ginkgo/tests/example/hierarchical.go:12 @ 03/01/24 17:31:54.543&#xA;&lt; Exit [BeforeEach] Books - /home/anisur/go/src/github.com/anisurrahman75/ginkgo/tests/example/hierarchical.go:12 @ 03/01/24 17:31:54.543 (0s)&#xA;&gt; Enter [BeforeEach] When the author has a middle name - /home/anisur/go/src/github.com/anisurrahman75/ginkgo/tests/example/hierarchical.go:47 @ 03/01/24 17:31:54.543&#xA;&lt; Exit [BeforeEach] When the author has a middle name - /home/anisur/go/src/github.com/anisurrahman75/ginkgo/tests/example/hierarchical.go:47 @ 03/01/24 17:31:54.543 (0s)&#xA;&gt; Enter [It] can extract the author&#39;s last name - /home/anisur/go/src/github.com/anisurrahman75/ginkgo/tests/example/hierarchical.go:51 @ 03/01/24 17:31:54.543&#xA;&lt; Exit [It] can extract the author&#39;s last name - /home/anisur/go/src/github.com/anisurrahman75/ginkgo/tests/example/hierarchical.go:51 @ 03/01/24 17:31:54.543 (0s)&#xA;</system-err>
          </testcase>
          <testcase name="[It] Books Extracting the author&#39;s first and last name When the author has a middle name can extract the author&#39;s first name" classname="e2e Suite" status="passed" time="0.00034301">
              <system-err>&gt; Enter [BeforeEach] Books - /home/anisur/go/src/github.com/anisurrahman75/ginkgo/tests/example/hierarchical.go:12 @ 03/01/24 17:31:54.543&#xA;&lt; Exit [BeforeEach] Books - /home/anisur/go/src/github.com/anisurrahman75/ginkgo/tests/example/hierarchical.go:12 @ 03/01/24 17:31:54.543 (0s)&#xA;&gt; Enter [BeforeEach] When the author has a middle name - /home/anisur/go/src/github.com/anisurrahman75/ginkgo/tests/example/hierarchical.go:47 @ 03/01/24 17:31:54.543&#xA;&lt; Exit [BeforeEach] When the author has a middle name - /home/anisur/go/src/github.com/anisurrahman75/ginkgo/tests/example/hierarchical.go:47 @ 03/01/24 17:31:54.543 (0s)&#xA;&gt; Enter [It] can extract the author&#39;s first name - /home/anisur/go/src/github.com/anisurrahman75/ginkgo/tests/example/hierarchical.go:55 @ 03/01/24 17:31:54.543&#xA;STEP: Victor - /home/anisur/go/src/github.com/anisurrahman75/ginkgo/tests/example/hierarchical.go:56 @ 03/01/24 17:31:54.543&#xA;&lt; Exit [It] can extract the author&#39;s first name - /home/anisur/go/src/github.com/anisurrahman75/ginkgo/tests/example/hierarchical.go:55 @ 03/01/24 17:31:54.543 (0s)&#xA;</system-err>
          </testcase>
          <testcase name="[It] Books Extracting the author&#39;s first and last name When the author has no name should not be a valid book and returns empty for first and last name" classname="e2e Suite" status="passed" time="9.2996e-05">
              <system-err>&gt; Enter [BeforeEach] Books - /home/anisur/go/src/github.com/anisurrahman75/ginkgo/tests/example/hierarchical.go:12 @ 03/01/24 17:31:54.545&#xA;&lt; Exit [BeforeEach] Books - /home/anisur/go/src/github.com/anisurrahman75/ginkgo/tests/example/hierarchical.go:12 @ 03/01/24 17:31:54.545 (0s)&#xA;&gt; Enter [It] should not be a valid book and returns empty for first and last name - /home/anisur/go/src/github.com/anisurrahman75/ginkgo/tests/example/hierarchical.go:62 @ 03/01/24 17:31:54.545&#xA;&lt; Exit [It] should not be a valid book and returns empty for first and last name - /home/anisur/go/src/github.com/anisurrahman75/ginkgo/tests/example/hierarchical.go:62 @ 03/01/24 17:31:54.545 (0s)&#xA;</system-err>
          </testcase>
      </testsuite>
  </testsuites>